2025-01-03 00:07:04,731 - ERROR - Error processing batch [1, 7]: No students found for the given IDs: [1, 7]
2025-01-05 18:28:58,447 - ERROR - Error processing student ID 4024: connection failed: password authentication failed for user "postgres"
2025-01-05 18:28:58,447 - ERROR - Error processing student ID 2025: [WinError 3] The system cannot find the path specified: 'database\\student_images\\images/john_doe.jpg'
2025-01-08 22:56:32,492 - ERROR - Error processing student ID 2025: [WinError 3] The system cannot find the path specified: 'database\\student_images\\images/john_doe.jpg'
2025-01-08 22:57:26,107 - ERROR - Error processing student ID 2025: [WinError 3] The system cannot find the path specified: 'database\\student_images\\images/john_doe.jpg'
2025-01-08 22:57:27,669 - ERROR - Error processing student ID 4026: duplicate key value violates unique constraint "student_vectors_student_id_key"
DETAIL:  Key (student_id)=(4026) already exists.
2025-01-08 22:58:03,763 - ERROR - Error processing student ID 4024: duplicate key value violates unique constraint "student_vectors_student_id_key"
DETAIL:  Key (student_id)=(4024) already exists.
2025-01-08 22:58:05,238 - ERROR - Error processing student ID 4026: duplicate key value violates unique constraint "student_vectors_student_id_key"
DETAIL:  Key (student_id)=(4026) already exists.
2025-01-08 22:58:54,336 - ERROR - Error processing student ID 4026: duplicate key value violates unique constraint "student_vectors_student_id_key"
DETAIL:  Key (student_id)=(4026) already exists.
2025-01-20 21:45:52,108 - ERROR - Error processing student ID 4024: duplicate key value violates unique constraint "student_vectors_student_id_key"
DETAIL:  Key (student_id)=(4024) already exists.
2025-01-20 21:45:52,109 - ERROR - Error processing student ID 2025: [WinError 3] The system cannot find the path specified: 'database\\student_images\\images/john_doe.jpg'
2025-01-20 21:46:25,074 - ERROR - Error processing batch [10]: No students found for the given IDs: [10]
2025-01-20 21:47:08,879 - ERROR - Error processing batch [10]: No students found for the given IDs: [10]
2025-01-20 22:19:41,384 - ERROR - Error processing student ID 22164060: duplicate key value violates unique constraint "student_vectors_student_id_key"
DETAIL:  Key (student_id)=(22164060) already exists.
2025-01-20 22:32:31,333 - ERROR - Error processing student ID 22164060: duplicate key value violates unique constraint "student_vectors_student_id_key"
DETAIL:  Key (student_id)=(22164060) already exists.
2025-01-21 18:14:33,974 - ERROR - Error processing batch [9]: No students found for the given IDs: [9]
2025-01-21 18:19:13,247 - ERROR - Error processing batch [9, 10]: No students found for the given IDs: [9, 10]
2025-01-21 18:57:42,984 - ERROR - Error processing batch [10, 9]: No students found for the given IDs: [10, 9]
